D:\SGQ\.htaccess
D:\SGQ\api\.htaccess
D:\SGQ\api\filemanager.config.json.php
D:\SGQ\api\filemanager.php
D:\SGQ\api\index.php
D:\SGQ\composer.json
D:\SGQ\controllers\AcaoRiscoOportunidadeController.php
D:\SGQ\controllers\AnaliseCriticaDirecaoController.php
D:\SGQ\controllers\AnaliseNegocioController.php
D:\SGQ\controllers\AnaliseSwotController.php
D:\SGQ\controllers\ApiController.php
D:\SGQ\controllers\CategoriaDocumentoController.php
D:\SGQ\controllers\CompetenciaController.php
D:\SGQ\controllers\ConsideracoesController.php
D:\SGQ\controllers\ContextoController.php
D:\SGQ\controllers\ControllerBase.php
D:\SGQ\controllers\Dashboard2Controller.php
D:\SGQ\controllers\DepartamentosController.php
D:\SGQ\controllers\DocumentoExternoController.php
D:\SGQ\controllers\DocumentoInternoController.php
D:\SGQ\controllers\DocumentoRegistroController.php
D:\SGQ\controllers\FrequenciaController.php
D:\SGQ\controllers\GestaoMudancaController.php
D:\SGQ\controllers\GraficosController.php
D:\SGQ\controllers\ImpactoController.php
D:\SGQ\controllers\IndicadoresController.php
D:\SGQ\controllers\ItemPlanoAudIntController.php
D:\SGQ\controllers\ItemRelAudInternaController.php
D:\SGQ\controllers\LocalizacaoController.php
D:\SGQ\controllers\NaoConformidadeController.php
D:\SGQ\controllers\ObjetivoQualidadeController.php
D:\SGQ\controllers\OrigemRiscoOportunidadeController.php
D:\SGQ\controllers\OthersController.php
D:\SGQ\controllers\PeriodicidadeController.php
D:\SGQ\controllers\PlanoAcaoController.php
D:\SGQ\controllers\PlanoAcaoNcController.php
D:\SGQ\controllers\PlanoAuditoriaIntController.php
D:\SGQ\controllers\ProcessoController.php
D:\SGQ\controllers\ProcessoIndicadoresController.php
D:\SGQ\controllers\RelAnaliseSwotController.php
D:\SGQ\controllers\RelCrossGraficoController.php
D:\SGQ\controllers\RelProcessoIndicadorController.php
D:\SGQ\controllers\RelProcessosController.php
D:\SGQ\controllers\RelViewAudInternaController.php
D:\SGQ\controllers\RelViewPlanoAuditoriaController.php
D:\SGQ\controllers\RelatorioAudIntController.php
D:\SGQ\controllers\RelatorioAuditoriaInternaController.php
D:\SGQ\controllers\RevisaoDocumentoController.php
D:\SGQ\controllers\RiscoOportunidadeController.php
D:\SGQ\controllers\StatusAcaoController.php
D:\SGQ\controllers\StatusDocumentoController.php
D:\SGQ\controllers\TipoController.php
D:\SGQ\controllers\TipoRiscoOportunidadeController.php
D:\SGQ\controllers\UnidadeMedidaController.php
D:\SGQ\controllers\UserLevelPermissionsController.php
D:\SGQ\controllers\UserLevelsController.php
D:\SGQ\controllers\UsuarioController.php
D:\SGQ\controllers\ViewPlanoAuditoriaController.php
D:\SGQ\controllers\ViewProcessoIndicadorController.php
D:\SGQ\controllers\ViewRelatoriaAuditoriaController.php
D:\SGQ\css\ewpdf.scss
D:\SGQ\css\query-builder.scss
D:\SGQ\css\sgq.scss
D:\SGQ\css\tabulator_bootstrap5.scss
D:\SGQ\css\tempus-dominus.scss
D:\SGQ\files\index.html
D:\SGQ\index.php
D:\SGQ\js\eweditor.js
D:\SGQ\js\userevent.js
D:\SGQ\js\userfn.js
D:\SGQ\log\index.html
D:\SGQ\models\AcaoRiscoOportunidade.php
D:\SGQ\models\AcaoRiscoOportunidadeAdd.php
D:\SGQ\models\AcaoRiscoOportunidadeDelete.php
D:\SGQ\models\AcaoRiscoOportunidadeEdit.php
D:\SGQ\models\AcaoRiscoOportunidadeList.php
D:\SGQ\models\AcaoRiscoOportunidadeSearch.php
D:\SGQ\models\AcaoRiscoOportunidadeView.php
D:\SGQ\models\AnaliseCriticaDirecao.php
D:\SGQ\models\AnaliseCriticaDirecaoAdd.php
D:\SGQ\models\AnaliseCriticaDirecaoDelete.php
D:\SGQ\models\AnaliseCriticaDirecaoEdit.php
D:\SGQ\models\AnaliseCriticaDirecaoList.php
D:\SGQ\models\AnaliseCriticaDirecaoView.php
D:\SGQ\models\AnaliseNegocio.php
D:\SGQ\models\AnaliseNegocioAdd.php
D:\SGQ\models\AnaliseNegocioDelete.php
D:\SGQ\models\AnaliseNegocioEdit.php
D:\SGQ\models\AnaliseNegocioList.php
D:\SGQ\models\AnaliseNegocioSearch.php
D:\SGQ\models\AnaliseNegocioView.php
D:\SGQ\models\AnaliseSwot.php
D:\SGQ\models\AnaliseSwotAdd.php
D:\SGQ\models\AnaliseSwotDelete.php
D:\SGQ\models\AnaliseSwotEdit.php
D:\SGQ\models\AnaliseSwotGrid.php
D:\SGQ\models\AnaliseSwotList.php
D:\SGQ\models\AnaliseSwotPreview.php
D:\SGQ\models\AnaliseSwotSearch.php
D:\SGQ\models\AnaliseSwotView.php
D:\SGQ\models\CategoriaDocumento.php
D:\SGQ\models\CategoriaDocumentoAdd.php
D:\SGQ\models\CategoriaDocumentoAddopt.php
D:\SGQ\models\CategoriaDocumentoDelete.php
D:\SGQ\models\CategoriaDocumentoEdit.php
D:\SGQ\models\CategoriaDocumentoList.php
D:\SGQ\models\CategoriaDocumentoSearch.php
D:\SGQ\models\CategoriaDocumentoView.php
D:\SGQ\models\Competencia.php
D:\SGQ\models\CompetenciaAdd.php
D:\SGQ\models\CompetenciaDelete.php
D:\SGQ\models\CompetenciaEdit.php
D:\SGQ\models\CompetenciaList.php
D:\SGQ\models\CompetenciaView.php
D:\SGQ\models\Consideracoes.php
D:\SGQ\models\ConsideracoesAdd.php
D:\SGQ\models\ConsideracoesDelete.php
D:\SGQ\models\ConsideracoesEdit.php
D:\SGQ\models\ConsideracoesList.php
D:\SGQ\models\ConsideracoesSearch.php
D:\SGQ\models\ConsideracoesView.php
D:\SGQ\models\Contexto.php
D:\SGQ\models\ContextoAdd.php
D:\SGQ\models\ContextoDelete.php
D:\SGQ\models\ContextoEdit.php
D:\SGQ\models\ContextoList.php
D:\SGQ\models\ContextoView.php
D:\SGQ\models\Dashboard2.php
D:\SGQ\models\Departamentos.php
D:\SGQ\models\DepartamentosAdd.php
D:\SGQ\models\DepartamentosDelete.php
D:\SGQ\models\DepartamentosEdit.php
D:\SGQ\models\DepartamentosList.php
D:\SGQ\models\DepartamentosSearch.php
D:\SGQ\models\DepartamentosView.php
D:\SGQ\models\DocumentoExterno.php
D:\SGQ\models\DocumentoExternoAdd.php
D:\SGQ\models\DocumentoExternoDelete.php
D:\SGQ\models\DocumentoExternoEdit.php
D:\SGQ\models\DocumentoExternoList.php
D:\SGQ\models\DocumentoExternoSearch.php
D:\SGQ\models\DocumentoExternoView.php
D:\SGQ\models\DocumentoInterno.php
D:\SGQ\models\DocumentoInternoAdd.php
D:\SGQ\models\DocumentoInternoDelete.php
D:\SGQ\models\DocumentoInternoEdit.php
D:\SGQ\models\DocumentoInternoList.php
D:\SGQ\models\DocumentoInternoSearch.php
D:\SGQ\models\DocumentoInternoView.php
D:\SGQ\models\DocumentoRegistro.php
D:\SGQ\models\DocumentoRegistroAdd.php
D:\SGQ\models\DocumentoRegistroDelete.php
D:\SGQ\models\DocumentoRegistroEdit.php
D:\SGQ\models\DocumentoRegistroList.php
D:\SGQ\models\DocumentoRegistroSearch.php
D:\SGQ\models\DocumentoRegistroView.php
D:\SGQ\models\Frequencia.php
D:\SGQ\models\FrequenciaAdd.php
D:\SGQ\models\FrequenciaDelete.php
D:\SGQ\models\FrequenciaEdit.php
D:\SGQ\models\FrequenciaList.php
D:\SGQ\models\FrequenciaSearch.php
D:\SGQ\models\FrequenciaView.php
D:\SGQ\models\GestaoMudanca.php
D:\SGQ\models\GestaoMudancaAdd.php
D:\SGQ\models\GestaoMudancaDelete.php
D:\SGQ\models\GestaoMudancaEdit.php
D:\SGQ\models\GestaoMudancaList.php
D:\SGQ\models\GestaoMudancaSearch.php
D:\SGQ\models\GestaoMudancaView.php
D:\SGQ\models\Graficos.php
D:\SGQ\models\GraficosAdd.php
D:\SGQ\models\GraficosDelete.php
D:\SGQ\models\GraficosEdit.php
D:\SGQ\models\GraficosGrid.php
D:\SGQ\models\GraficosList.php
D:\SGQ\models\GraficosPreview.php
D:\SGQ\models\GraficosSearch.php
D:\SGQ\models\GraficosView.php
D:\SGQ\models\Impacto.php
D:\SGQ\models\ImpactoAdd.php
D:\SGQ\models\ImpactoDelete.php
D:\SGQ\models\ImpactoEdit.php
D:\SGQ\models\ImpactoList.php
D:\SGQ\models\ImpactoSearch.php
D:\SGQ\models\ImpactoView.php
D:\SGQ\models\Indicadores.php
D:\SGQ\models\IndicadoresAdd.php
D:\SGQ\models\IndicadoresDelete.php
D:\SGQ\models\IndicadoresEdit.php
D:\SGQ\models\IndicadoresList.php
D:\SGQ\models\IndicadoresSearch.php
D:\SGQ\models\IndicadoresView.php
D:\SGQ\models\ItemPlanoAudInt.php
D:\SGQ\models\ItemPlanoAudIntAdd.php
D:\SGQ\models\ItemPlanoAudIntDelete.php
D:\SGQ\models\ItemPlanoAudIntEdit.php
D:\SGQ\models\ItemPlanoAudIntGrid.php
D:\SGQ\models\ItemPlanoAudIntList.php
D:\SGQ\models\ItemPlanoAudIntPreview.php
D:\SGQ\models\ItemPlanoAudIntView.php
D:\SGQ\models\ItemRelAudInterna.php
D:\SGQ\models\ItemRelAudInternaAdd.php
D:\SGQ\models\ItemRelAudInternaDelete.php
D:\SGQ\models\ItemRelAudInternaEdit.php
D:\SGQ\models\ItemRelAudInternaGrid.php
D:\SGQ\models\ItemRelAudInternaList.php
D:\SGQ\models\ItemRelAudInternaPreview.php
D:\SGQ\models\ItemRelAudInternaView.php
D:\SGQ\models\Localizacao.php
D:\SGQ\models\LocalizacaoAdd.php
D:\SGQ\models\LocalizacaoAddopt.php
D:\SGQ\models\LocalizacaoDelete.php
D:\SGQ\models\LocalizacaoEdit.php
D:\SGQ\models\LocalizacaoList.php
D:\SGQ\models\LocalizacaoSearch.php
D:\SGQ\models\LocalizacaoView.php
D:\SGQ\models\Login.php
D:\SGQ\models\Logout.php
D:\SGQ\models\NaoConformidade.php
D:\SGQ\models\NaoConformidadeAdd.php
D:\SGQ\models\NaoConformidadeDelete.php
D:\SGQ\models\NaoConformidadeEdit.php
D:\SGQ\models\NaoConformidadeList.php
D:\SGQ\models\NaoConformidadeSearch.php
D:\SGQ\models\NaoConformidadeView.php
D:\SGQ\models\ObjetivoQualidade.php
D:\SGQ\models\ObjetivoQualidadeAdd.php
D:\SGQ\models\ObjetivoQualidadeDelete.php
D:\SGQ\models\ObjetivoQualidadeEdit.php
D:\SGQ\models\ObjetivoQualidadeList.php
D:\SGQ\models\ObjetivoQualidadeSearch.php
D:\SGQ\models\ObjetivoQualidadeView.php
D:\SGQ\models\OrigemRiscoOportunidade.php
D:\SGQ\models\OrigemRiscoOportunidadeAdd.php
D:\SGQ\models\OrigemRiscoOportunidadeDelete.php
D:\SGQ\models\OrigemRiscoOportunidadeEdit.php
D:\SGQ\models\OrigemRiscoOportunidadeList.php
D:\SGQ\models\OrigemRiscoOportunidadeSearch.php
D:\SGQ\models\OrigemRiscoOportunidadeView.php
D:\SGQ\models\Periodicidade.php
D:\SGQ\models\PeriodicidadeAdd.php
D:\SGQ\models\PeriodicidadeDelete.php
D:\SGQ\models\PeriodicidadeEdit.php
D:\SGQ\models\PeriodicidadeList.php
D:\SGQ\models\PeriodicidadeSearch.php
D:\SGQ\models\PeriodicidadeView.php
D:\SGQ\models\PersonalData.php
D:\SGQ\models\PlanoAcao.php
D:\SGQ\models\PlanoAcaoAdd.php
D:\SGQ\models\PlanoAcaoDelete.php
D:\SGQ\models\PlanoAcaoEdit.php
D:\SGQ\models\PlanoAcaoGrid.php
D:\SGQ\models\PlanoAcaoList.php
D:\SGQ\models\PlanoAcaoNc.php
D:\SGQ\models\PlanoAcaoNcAdd.php
D:\SGQ\models\PlanoAcaoNcDelete.php
D:\SGQ\models\PlanoAcaoNcEdit.php
D:\SGQ\models\PlanoAcaoNcGrid.php
D:\SGQ\models\PlanoAcaoNcList.php
D:\SGQ\models\PlanoAcaoNcPreview.php
D:\SGQ\models\PlanoAcaoNcSearch.php
D:\SGQ\models\PlanoAcaoNcView.php
D:\SGQ\models\PlanoAcaoPreview.php
D:\SGQ\models\PlanoAcaoSearch.php
D:\SGQ\models\PlanoAcaoView.php
D:\SGQ\models\PlanoAuditoriaInt.php
D:\SGQ\models\PlanoAuditoriaIntAdd.php
D:\SGQ\models\PlanoAuditoriaIntDelete.php
D:\SGQ\models\PlanoAuditoriaIntEdit.php
D:\SGQ\models\PlanoAuditoriaIntList.php
D:\SGQ\models\PlanoAuditoriaIntView.php
D:\SGQ\models\Processo.php
D:\SGQ\models\ProcessoAdd.php
D:\SGQ\models\ProcessoDelete.php
D:\SGQ\models\ProcessoEdit.php
D:\SGQ\models\ProcessoIndicadores.php
D:\SGQ\models\ProcessoIndicadoresAdd.php
D:\SGQ\models\ProcessoIndicadoresDelete.php
D:\SGQ\models\ProcessoIndicadoresEdit.php
D:\SGQ\models\ProcessoIndicadoresGrid.php
D:\SGQ\models\ProcessoIndicadoresList.php
D:\SGQ\models\ProcessoIndicadoresPreview.php
D:\SGQ\models\ProcessoIndicadoresSearch.php
D:\SGQ\models\ProcessoIndicadoresView.php
D:\SGQ\models\ProcessoList.php
D:\SGQ\models\ProcessoSearch.php
D:\SGQ\models\ProcessoView.php
D:\SGQ\models\RelAnaliseSwot.php
D:\SGQ\models\RelAnaliseSwotSummary.php
D:\SGQ\models\RelCrossGrafico.php
D:\SGQ\models\RelCrossGraficoCrosstab.php
D:\SGQ\models\RelProcessoIndicador.php
D:\SGQ\models\RelProcessoIndicadorSummary.php
D:\SGQ\models\RelProcessos.php
D:\SGQ\models\RelProcessosSummary.php
D:\SGQ\models\RelViewAudInterna.php
D:\SGQ\models\RelViewAudInternaSummary.php
D:\SGQ\models\RelViewPlanoAuditoria.php
D:\SGQ\models\RelViewPlanoAuditoriaSummary.php
D:\SGQ\models\RelatorioAudInt.php
D:\SGQ\models\RelatorioAudIntAdd.php
D:\SGQ\models\RelatorioAudIntDelete.php
D:\SGQ\models\RelatorioAudIntEdit.php
D:\SGQ\models\RelatorioAudIntGrid.php
D:\SGQ\models\RelatorioAudIntList.php
D:\SGQ\models\RelatorioAudIntPreview.php
D:\SGQ\models\RelatorioAudIntView.php
D:\SGQ\models\RelatorioAuditoriaInterna.php
D:\SGQ\models\RelatorioAuditoriaInternaAdd.php
D:\SGQ\models\RelatorioAuditoriaInternaDelete.php
D:\SGQ\models\RelatorioAuditoriaInternaEdit.php
D:\SGQ\models\RelatorioAuditoriaInternaList.php
D:\SGQ\models\RelatorioAuditoriaInternaView.php
D:\SGQ\models\RevisaoDocumento.php
D:\SGQ\models\RevisaoDocumentoAdd.php
D:\SGQ\models\RevisaoDocumentoDelete.php
D:\SGQ\models\RevisaoDocumentoEdit.php
D:\SGQ\models\RevisaoDocumentoGrid.php
D:\SGQ\models\RevisaoDocumentoList.php
D:\SGQ\models\RevisaoDocumentoPreview.php
D:\SGQ\models\RevisaoDocumentoSearch.php
D:\SGQ\models\RevisaoDocumentoView.php
D:\SGQ\models\RiscoOportunidade.php
D:\SGQ\models\RiscoOportunidadeAdd.php
D:\SGQ\models\RiscoOportunidadeDelete.php
D:\SGQ\models\RiscoOportunidadeEdit.php
D:\SGQ\models\RiscoOportunidadeList.php
D:\SGQ\models\RiscoOportunidadeSearch.php
D:\SGQ\models\RiscoOportunidadeView.php
D:\SGQ\models\StatusAcao.php
D:\SGQ\models\StatusAcaoAdd.php
D:\SGQ\models\StatusAcaoDelete.php
D:\SGQ\models\StatusAcaoEdit.php
D:\SGQ\models\StatusAcaoList.php
D:\SGQ\models\StatusAcaoSearch.php
D:\SGQ\models\StatusAcaoView.php
D:\SGQ\models\StatusDocumento.php
D:\SGQ\models\StatusDocumentoAdd.php
D:\SGQ\models\StatusDocumentoDelete.php
D:\SGQ\models\StatusDocumentoEdit.php
D:\SGQ\models\StatusDocumentoList.php
D:\SGQ\models\StatusDocumentoSearch.php
D:\SGQ\models\StatusDocumentoView.php
D:\SGQ\models\Tipo.php
D:\SGQ\models\TipoAdd.php
D:\SGQ\models\TipoDelete.php
D:\SGQ\models\TipoEdit.php
D:\SGQ\models\TipoList.php
D:\SGQ\models\TipoRiscoOportunidade.php
D:\SGQ\models\TipoRiscoOportunidadeAdd.php
D:\SGQ\models\TipoRiscoOportunidadeDelete.php
D:\SGQ\models\TipoRiscoOportunidadeEdit.php
D:\SGQ\models\TipoRiscoOportunidadeList.php
D:\SGQ\models\TipoRiscoOportunidadeSearch.php
D:\SGQ\models\TipoRiscoOportunidadeView.php
D:\SGQ\models\TipoView.php
D:\SGQ\models\UnidadeMedida.php
D:\SGQ\models\UnidadeMedidaAdd.php
D:\SGQ\models\UnidadeMedidaDelete.php
D:\SGQ\models\UnidadeMedidaEdit.php
D:\SGQ\models\UnidadeMedidaList.php
D:\SGQ\models\UnidadeMedidaView.php
D:\SGQ\models\UserLevelPermissions.php
D:\SGQ\models\UserLevelPermissionsAdd.php
D:\SGQ\models\UserLevelPermissionsDelete.php
D:\SGQ\models\UserLevelPermissionsEdit.php
D:\SGQ\models\UserLevelPermissionsList.php
D:\SGQ\models\UserLevelPermissionsSearch.php
D:\SGQ\models\UserLevelPermissionsView.php
D:\SGQ\models\UserLevels.php
D:\SGQ\models\UserLevelsAdd.php
D:\SGQ\models\UserLevelsDelete.php
D:\SGQ\models\UserLevelsEdit.php
D:\SGQ\models\UserLevelsList.php
D:\SGQ\models\UserLevelsSearch.php
D:\SGQ\models\UserLevelsView.php
D:\SGQ\models\Userpriv.php
D:\SGQ\models\Usuario.php
D:\SGQ\models\UsuarioAdd.php
D:\SGQ\models\UsuarioDelete.php
D:\SGQ\models\UsuarioEdit.php
D:\SGQ\models\UsuarioList.php
D:\SGQ\models\UsuarioSearch.php
D:\SGQ\models\UsuarioView.php
D:\SGQ\models\ViewPlanoAuditoria.php
D:\SGQ\models\ViewPlanoAuditoriaList.php
D:\SGQ\models\ViewProcessoIndicador.php
D:\SGQ\models\ViewProcessoIndicadorList.php
D:\SGQ\models\ViewRelatoriaAuditoria.php
D:\SGQ\models\ViewRelatoriaAuditoriaList.php
D:\SGQ\package.json
D:\SGQ\src\AbstractController.php
D:\SGQ\src\AbstractEntity.php
D:\SGQ\src\AbstractExport.php
D:\SGQ\src\AbstractExportBase.php
D:\SGQ\src\AbstractTwoFactorAuthentication.php
D:\SGQ\src\AdvancedFilter.php
D:\SGQ\src\AdvancedSearch.php
D:\SGQ\src\AdvancedSecurity.php
D:\SGQ\src\Allow.php
D:\SGQ\src\ApiActionEvent.php
D:\SGQ\src\ApiPermissionMiddleware.php
D:\SGQ\src\Attributes.php
D:\SGQ\src\Attributes\Delete.php
D:\SGQ\src\Attributes\Get.php
D:\SGQ\src\Attributes\Map.php
D:\SGQ\src\Attributes\Options.php
D:\SGQ\src\Attributes\Patch.php
D:\SGQ\src\Attributes\Post.php
D:\SGQ\src\Attributes\Put.php
D:\SGQ\src\AuditTrailHandler.php
D:\SGQ\src\AzureAD.php
D:\SGQ\src\BasicSearch.php
D:\SGQ\src\Breadcrumb.php
D:\SGQ\src\BytesType.php
D:\SGQ\src\CaptchaBase.php
D:\SGQ\src\CaptchaInterface.php
D:\SGQ\src\ChartExporter.php
D:\SGQ\src\ChartJsRenderer.php
D:\SGQ\src\ChartRendererInterface.php
D:\SGQ\src\ChartTypes.php
D:\SGQ\src\ConfigurationEvent.php
D:\SGQ\src\ContainerBuildEvent.php
D:\SGQ\src\CorsMiddleware.php
D:\SGQ\src\CrosstabColumn.php
D:\SGQ\src\CrosstabTable.php
D:\SGQ\src\CustomUploadHandler.php
D:\SGQ\src\DataType.php
D:\SGQ\src\DatabaseConnectedEvent.php
D:\SGQ\src\DatabaseConnectingEvent.php
D:\SGQ\src\DbChart.php
D:\SGQ\src\DbField.php
D:\SGQ\src\DbTable.php
D:\SGQ\src\DbTableBase.php
D:\SGQ\src\DebugSqlLogger.php
D:\SGQ\src\Email.php
D:\SGQ\src\EmailTwoFactorAuthentication.php
D:\SGQ\src\EntityDescriptor.php
D:\SGQ\src\Entity\AcaoRiscoOportunidade.php
D:\SGQ\src\Entity\AnaliseCriticaDirecao.php
D:\SGQ\src\Entity\AnaliseNegocio.php
D:\SGQ\src\Entity\AnaliseSwot.php
D:\SGQ\src\Entity\CategoriaDocumento.php
D:\SGQ\src\Entity\Competencia.php
D:\SGQ\src\Entity\Consideracoe.php
D:\SGQ\src\Entity\Contexto.php
D:\SGQ\src\Entity\Departamento.php
D:\SGQ\src\Entity\DocumentoExterno.php
D:\SGQ\src\Entity\DocumentoInterno.php
D:\SGQ\src\Entity\DocumentoRegistro.php
D:\SGQ\src\Entity\Frequencia.php
D:\SGQ\src\Entity\GestaoMudanca.php
D:\SGQ\src\Entity\Grafico.php
D:\SGQ\src\Entity\Impacto.php
D:\SGQ\src\Entity\Indicadore.php
D:\SGQ\src\Entity\ItemPlanoAudInt.php
D:\SGQ\src\Entity\ItemRelAudInterna.php
D:\SGQ\src\Entity\Localizacao.php
D:\SGQ\src\Entity\NaoConformidade.php
D:\SGQ\src\Entity\ObjetivoQualidade.php
D:\SGQ\src\Entity\OrigemRiscoOportunidade.php
D:\SGQ\src\Entity\Periodicidade.php
D:\SGQ\src\Entity\PlanoAcao.php
D:\SGQ\src\Entity\PlanoAcaoNc.php
D:\SGQ\src\Entity\PlanoAuditoriaInt.php
D:\SGQ\src\Entity\Processo.php
D:\SGQ\src\Entity\ProcessoIndicadore.php
D:\SGQ\src\Entity\RelatorioAudInt.php
D:\SGQ\src\Entity\RelatorioAuditoriaInterna.php
D:\SGQ\src\Entity\RevisaoDocumento.php
D:\SGQ\src\Entity\RiscoOportunidade.php
D:\SGQ\src\Entity\StatusAcao.php
D:\SGQ\src\Entity\StatusDocumento.php
D:\SGQ\src\Entity\Tipo.php
D:\SGQ\src\Entity\TipoRiscoOportunidade.php
D:\SGQ\src\Entity\UnidadeMedida.php
D:\SGQ\src\Entity\UserLevel.php
D:\SGQ\src\Entity\UserLevelPermission.php
D:\SGQ\src\Entity\Usuario.php
D:\SGQ\src\Entity\ViewPlanoAuditoria.php
D:\SGQ\src\Entity\ViewProcessoIndicador.php
D:\SGQ\src\Entity\ViewRelatoriaAuditoria.php
D:\SGQ\src\ExportCsv.php
D:\SGQ\src\ExportEmail.php
D:\SGQ\src\ExportExcel.php
D:\SGQ\src\ExportHandler.php
D:\SGQ\src\ExportHtml.php
D:\SGQ\src\ExportJson.php
D:\SGQ\src\ExportPdf.php
D:\SGQ\src\ExportWord.php
D:\SGQ\src\ExportXml.php
D:\SGQ\src\FileUploadHandler.php
D:\SGQ\src\FileViewer.php
D:\SGQ\src\ForceLogoutUserAction.php
D:\SGQ\src\GeographyType.php
D:\SGQ\src\GeometryType.php
D:\SGQ\src\HierarchyIdType.php
D:\SGQ\src\HttpErrorHandler.php
D:\SGQ\src\HttpForm.php
D:\SGQ\src\HttpServiceUnavailableException.php
D:\SGQ\src\HttpSession.php
D:\SGQ\src\HttpUpload.php
D:\SGQ\src\JwtMiddleware.php
D:\SGQ\src\Language.php
D:\SGQ\src\LanguageLoadEvent.php
D:\SGQ\src\LaravelSessionMiddleware.php
D:\SGQ\src\LdapConn.php
D:\SGQ\src\ListAction.php
D:\SGQ\src\ListActions.php
D:\SGQ\src\ListOption.php
D:\SGQ\src\ListOptions.php
D:\SGQ\src\ListOptionsArray.php
D:\SGQ\src\LoginStatusEvent.php
D:\SGQ\src\Lookup.php
D:\SGQ\src\MaintenanceMiddleware.php
D:\SGQ\src\Menu.php
D:\SGQ\src\MenuItem.php
D:\SGQ\src\MenuItemAddingEvent.php
D:\SGQ\src\MenuRenderedEvent.php
D:\SGQ\src\MenuRenderingEvent.php
D:\SGQ\src\MessagesTrait.php
D:\SGQ\src\NumericPager.php
D:\SGQ\src\OptionValues.php
D:\SGQ\src\PageLoadingEvent.php
D:\SGQ\src\PageRenderingEvent.php
D:\SGQ\src\PageUnloadedEvent.php
D:\SGQ\src\Pager.php
D:\SGQ\src\PagerItem.php
D:\SGQ\src\PasswordHash.php
D:\SGQ\src\PermissionMiddleware.php
D:\SGQ\src\PhpEncryption.php
D:\SGQ\src\PragmaRxTwoFactorAuthentication.php
D:\SGQ\src\PrevNextPager.php
D:\SGQ\src\PushNotification.php
D:\SGQ\src\ReportField.php
D:\SGQ\src\ReportTable.php
D:\SGQ\src\ResendRegisterEmailAction.php
D:\SGQ\src\ResetConcurrentUserAction.php
D:\SGQ\src\ResetLoginRetryAction.php
D:\SGQ\src\ResetUserSecretAction.php
D:\SGQ\src\RouteActionEvent.php
D:\SGQ\src\RouteAttributes.php
D:\SGQ\src\RowSummary.php
D:\SGQ\src\RowTotal.php
D:\SGQ\src\RowType.php
D:\SGQ\src\Saml2.php
D:\SGQ\src\SessionHandler.php
D:\SGQ\src\SetPasswordExpiredAction.php
D:\SGQ\src\Sms.php
D:\SGQ\src\SmsTwoFactorAuthentication.php
D:\SGQ\src\SsoStateSessionStore.php
D:\SGQ\src\SubPage.php
D:\SGQ\src\SubPages.php
D:\SGQ\src\SummaryField.php
D:\SGQ\src\Timer.php
D:\SGQ\src\TwoFactorAuthenticationInterface.php
D:\SGQ\src\UploadHandler.php
D:\SGQ\src\UserProfile.php
D:\SGQ\src\XmlDocument.php
D:\SGQ\src\apiroutes.php
D:\SGQ\src\config.development.php
D:\SGQ\src\config.php
D:\SGQ\src\config.production.php
D:\SGQ\src\constants.php
D:\SGQ\src\definitions.php
D:\SGQ\src\phpfn.php
D:\SGQ\src\routes.php
D:\SGQ\src\userfn.php
D:\SGQ\src\userlevelsettings.php
D:\SGQ\views\AcaoRiscoOportunidadeAdd.php
D:\SGQ\views\AcaoRiscoOportunidadeDelete.php
D:\SGQ\views\AcaoRiscoOportunidadeEdit.php
D:\SGQ\views\AcaoRiscoOportunidadeList.php
D:\SGQ\views\AcaoRiscoOportunidadeSearch.php
D:\SGQ\views\AcaoRiscoOportunidadeView.php
D:\SGQ\views\AnaliseCriticaDirecaoAdd.php
D:\SGQ\views\AnaliseCriticaDirecaoDelete.php
D:\SGQ\views\AnaliseCriticaDirecaoEdit.php
D:\SGQ\views\AnaliseCriticaDirecaoList.php
D:\SGQ\views\AnaliseCriticaDirecaoView.php
D:\SGQ\views\AnaliseNegocioAdd.php
D:\SGQ\views\AnaliseNegocioDelete.php
D:\SGQ\views\AnaliseNegocioEdit.php
D:\SGQ\views\AnaliseNegocioList.php
D:\SGQ\views\AnaliseNegocioSearch.php
D:\SGQ\views\AnaliseNegocioView.php
D:\SGQ\views\AnaliseSwotAdd.php
D:\SGQ\views\AnaliseSwotDelete.php
D:\SGQ\views\AnaliseSwotEdit.php
D:\SGQ\views\AnaliseSwotGrid.php
D:\SGQ\views\AnaliseSwotList.php
D:\SGQ\views\AnaliseSwotPreview.php
D:\SGQ\views\AnaliseSwotSearch.php
D:\SGQ\views\AnaliseSwotView.php
D:\SGQ\views\CategoriaDocumentoAdd.php
D:\SGQ\views\CategoriaDocumentoAddopt.php
D:\SGQ\views\CategoriaDocumentoDelete.php
D:\SGQ\views\CategoriaDocumentoEdit.php
D:\SGQ\views\CategoriaDocumentoList.php
D:\SGQ\views\CategoriaDocumentoSearch.php
D:\SGQ\views\CategoriaDocumentoView.php
D:\SGQ\views\CompetenciaAdd.php
D:\SGQ\views\CompetenciaDelete.php
D:\SGQ\views\CompetenciaEdit.php
D:\SGQ\views\CompetenciaList.php
D:\SGQ\views\CompetenciaView.php
D:\SGQ\views\ConsideracoesAdd.php
D:\SGQ\views\ConsideracoesDelete.php
D:\SGQ\views\ConsideracoesEdit.php
D:\SGQ\views\ConsideracoesList.php
D:\SGQ\views\ConsideracoesSearch.php
D:\SGQ\views\ConsideracoesView.php
D:\SGQ\views\ContextoAdd.php
D:\SGQ\views\ContextoDelete.php
D:\SGQ\views\ContextoEdit.php
D:\SGQ\views\ContextoList.php
D:\SGQ\views\ContextoMaster.php
D:\SGQ\views\ContextoView.php
D:\SGQ\views\Dashboard2.php
D:\SGQ\views\Dashboard2Query.php
D:\SGQ\views\DepartamentosAdd.php
D:\SGQ\views\DepartamentosDelete.php
D:\SGQ\views\DepartamentosEdit.php
D:\SGQ\views\DepartamentosList.php
D:\SGQ\views\DepartamentosSearch.php
D:\SGQ\views\DepartamentosView.php
D:\SGQ\views\DocumentoExternoAdd.php
D:\SGQ\views\DocumentoExternoDelete.php
D:\SGQ\views\DocumentoExternoEdit.php
D:\SGQ\views\DocumentoExternoList.php
D:\SGQ\views\DocumentoExternoSearch.php
D:\SGQ\views\DocumentoExternoView.php
D:\SGQ\views\DocumentoInternoAdd.php
D:\SGQ\views\DocumentoInternoDelete.php
D:\SGQ\views\DocumentoInternoEdit.php
D:\SGQ\views\DocumentoInternoList.php
D:\SGQ\views\DocumentoInternoMaster.php
D:\SGQ\views\DocumentoInternoSearch.php
D:\SGQ\views\DocumentoInternoView.php
D:\SGQ\views\DocumentoRegistroAdd.php
D:\SGQ\views\DocumentoRegistroDelete.php
D:\SGQ\views\DocumentoRegistroEdit.php
D:\SGQ\views\DocumentoRegistroList.php
D:\SGQ\views\DocumentoRegistroSearch.php
D:\SGQ\views\DocumentoRegistroView.php
D:\SGQ\views\Error.php
D:\SGQ\views\FrequenciaAdd.php
D:\SGQ\views\FrequenciaDelete.php
D:\SGQ\views\FrequenciaEdit.php
D:\SGQ\views\FrequenciaList.php
D:\SGQ\views\FrequenciaSearch.php
D:\SGQ\views\FrequenciaView.php
D:\SGQ\views\GestaoMudancaAdd.php
D:\SGQ\views\GestaoMudancaDelete.php
D:\SGQ\views\GestaoMudancaEdit.php
D:\SGQ\views\GestaoMudancaList.php
D:\SGQ\views\GestaoMudancaSearch.php
D:\SGQ\views\GestaoMudancaView.php
D:\SGQ\views\GraficosAdd.php
D:\SGQ\views\GraficosDelete.php
D:\SGQ\views\GraficosEdit.php
D:\SGQ\views\GraficosGrid.php
D:\SGQ\views\GraficosList.php
D:\SGQ\views\GraficosPreview.php
D:\SGQ\views\GraficosQuery.php
D:\SGQ\views\GraficosView.php
D:\SGQ\views\ImpactoAdd.php
D:\SGQ\views\ImpactoDelete.php
D:\SGQ\views\ImpactoEdit.php
D:\SGQ\views\ImpactoList.php
D:\SGQ\views\ImpactoSearch.php
D:\SGQ\views\ImpactoView.php
D:\SGQ\views\IndicadoresAdd.php
D:\SGQ\views\IndicadoresDelete.php
D:\SGQ\views\IndicadoresEdit.php
D:\SGQ\views\IndicadoresList.php
D:\SGQ\views\IndicadoresMaster.php
D:\SGQ\views\IndicadoresQuery.php
D:\SGQ\views\IndicadoresSearch.php
D:\SGQ\views\IndicadoresView.php
D:\SGQ\views\ItemPlanoAudIntAdd.php
D:\SGQ\views\ItemPlanoAudIntDelete.php
D:\SGQ\views\ItemPlanoAudIntEdit.php
D:\SGQ\views\ItemPlanoAudIntGrid.php
D:\SGQ\views\ItemPlanoAudIntList.php
D:\SGQ\views\ItemPlanoAudIntMaster.php
D:\SGQ\views\ItemPlanoAudIntPreview.php
D:\SGQ\views\ItemPlanoAudIntView.php
D:\SGQ\views\ItemRelAudInternaAdd.php
D:\SGQ\views\ItemRelAudInternaDelete.php
D:\SGQ\views\ItemRelAudInternaEdit.php
D:\SGQ\views\ItemRelAudInternaGrid.php
D:\SGQ\views\ItemRelAudInternaList.php
D:\SGQ\views\ItemRelAudInternaPreview.php
D:\SGQ\views\ItemRelAudInternaView.php
D:\SGQ\views\LocalizacaoAdd.php
D:\SGQ\views\LocalizacaoAddopt.php
D:\SGQ\views\LocalizacaoDelete.php
D:\SGQ\views\LocalizacaoEdit.php
D:\SGQ\views\LocalizacaoList.php
D:\SGQ\views\LocalizacaoSearch.php
D:\SGQ\views\LocalizacaoView.php
D:\SGQ\views\Login.php
D:\SGQ\views\NaoConformidadeAdd.php
D:\SGQ\views\NaoConformidadeDelete.php
D:\SGQ\views\NaoConformidadeEdit.php
D:\SGQ\views\NaoConformidadeList.php
D:\SGQ\views\NaoConformidadeMaster.php
D:\SGQ\views\NaoConformidadeSearch.php
D:\SGQ\views\NaoConformidadeView.php
D:\SGQ\views\ObjetivoQualidadeAdd.php
D:\SGQ\views\ObjetivoQualidadeDelete.php
D:\SGQ\views\ObjetivoQualidadeEdit.php
D:\SGQ\views\ObjetivoQualidadeList.php
D:\SGQ\views\ObjetivoQualidadeSearch.php
D:\SGQ\views\ObjetivoQualidadeView.php
D:\SGQ\views\OrigemRiscoOportunidadeAdd.php
D:\SGQ\views\OrigemRiscoOportunidadeDelete.php
D:\SGQ\views\OrigemRiscoOportunidadeEdit.php
D:\SGQ\views\OrigemRiscoOportunidadeList.php
D:\SGQ\views\OrigemRiscoOportunidadeSearch.php
D:\SGQ\views\OrigemRiscoOportunidadeView.php
D:\SGQ\views\PeriodicidadeAdd.php
D:\SGQ\views\PeriodicidadeDelete.php
D:\SGQ\views\PeriodicidadeEdit.php
D:\SGQ\views\PeriodicidadeList.php
D:\SGQ\views\PeriodicidadeSearch.php
D:\SGQ\views\PeriodicidadeView.php
D:\SGQ\views\PersonalData.php
D:\SGQ\views\PlanoAcaoAdd.php
D:\SGQ\views\PlanoAcaoDelete.php
D:\SGQ\views\PlanoAcaoEdit.php
D:\SGQ\views\PlanoAcaoGrid.php
D:\SGQ\views\PlanoAcaoList.php
D:\SGQ\views\PlanoAcaoNcAdd.php
D:\SGQ\views\PlanoAcaoNcDelete.php
D:\SGQ\views\PlanoAcaoNcEdit.php
D:\SGQ\views\PlanoAcaoNcGrid.php
D:\SGQ\views\PlanoAcaoNcList.php
D:\SGQ\views\PlanoAcaoNcPreview.php
D:\SGQ\views\PlanoAcaoNcSearch.php
D:\SGQ\views\PlanoAcaoNcView.php
D:\SGQ\views\PlanoAcaoPreview.php
D:\SGQ\views\PlanoAcaoSearch.php
D:\SGQ\views\PlanoAcaoView.php
D:\SGQ\views\PlanoAuditoriaIntAdd.php
D:\SGQ\views\PlanoAuditoriaIntDelete.php
D:\SGQ\views\PlanoAuditoriaIntEdit.php
D:\SGQ\views\PlanoAuditoriaIntList.php
D:\SGQ\views\PlanoAuditoriaIntMaster.php
D:\SGQ\views\PlanoAuditoriaIntView.php
D:\SGQ\views\ProcessoAdd.php
D:\SGQ\views\ProcessoDelete.php
D:\SGQ\views\ProcessoEdit.php
D:\SGQ\views\ProcessoIndicadoresAdd.php
D:\SGQ\views\ProcessoIndicadoresDelete.php
D:\SGQ\views\ProcessoIndicadoresEdit.php
D:\SGQ\views\ProcessoIndicadoresGrid.php
D:\SGQ\views\ProcessoIndicadoresList.php
D:\SGQ\views\ProcessoIndicadoresPreview.php
D:\SGQ\views\ProcessoIndicadoresSearch.php
D:\SGQ\views\ProcessoIndicadoresView.php
D:\SGQ\views\ProcessoList.php
D:\SGQ\views\ProcessoMaster.php
D:\SGQ\views\ProcessoSearch.php
D:\SGQ\views\ProcessoView.php
D:\SGQ\views\RelAnaliseSwotSummary.php
D:\SGQ\views\RelCrossGraficoCrosstab.php
D:\SGQ\views\RelProcessoIndicadorSummary.php
D:\SGQ\views\RelProcessosSummary.php
D:\SGQ\views\RelViewAudInternaSummary.php
D:\SGQ\views\RelViewPlanoAuditoriaSummary.php
D:\SGQ\views\RelatorioAudIntAdd.php
D:\SGQ\views\RelatorioAudIntDelete.php
D:\SGQ\views\RelatorioAudIntEdit.php
D:\SGQ\views\RelatorioAudIntGrid.php
D:\SGQ\views\RelatorioAudIntList.php
D:\SGQ\views\RelatorioAudIntPreview.php
D:\SGQ\views\RelatorioAudIntView.php
D:\SGQ\views\RelatorioAuditoriaInternaAdd.php
D:\SGQ\views\RelatorioAuditoriaInternaDelete.php
D:\SGQ\views\RelatorioAuditoriaInternaEdit.php
D:\SGQ\views\RelatorioAuditoriaInternaList.php
D:\SGQ\views\RelatorioAuditoriaInternaMaster.php
D:\SGQ\views\RelatorioAuditoriaInternaView.php
D:\SGQ\views\RevisaoDocumentoAdd.php
D:\SGQ\views\RevisaoDocumentoDelete.php
D:\SGQ\views\RevisaoDocumentoEdit.php
D:\SGQ\views\RevisaoDocumentoGrid.php
D:\SGQ\views\RevisaoDocumentoList.php
D:\SGQ\views\RevisaoDocumentoPreview.php
D:\SGQ\views\RevisaoDocumentoSearch.php
D:\SGQ\views\RevisaoDocumentoView.php
D:\SGQ\views\RiscoOportunidadeAdd.php
D:\SGQ\views\RiscoOportunidadeDelete.php
D:\SGQ\views\RiscoOportunidadeEdit.php
D:\SGQ\views\RiscoOportunidadeList.php
D:\SGQ\views\RiscoOportunidadeMaster.php
D:\SGQ\views\RiscoOportunidadeQuery.php
D:\SGQ\views\RiscoOportunidadeSearch.php
D:\SGQ\views\RiscoOportunidadeView.php
D:\SGQ\views\StatusAcaoAdd.php
D:\SGQ\views\StatusAcaoDelete.php
D:\SGQ\views\StatusAcaoEdit.php
D:\SGQ\views\StatusAcaoList.php
D:\SGQ\views\StatusAcaoSearch.php
D:\SGQ\views\StatusAcaoView.php
D:\SGQ\views\StatusDocumentoAdd.php
D:\SGQ\views\StatusDocumentoDelete.php
D:\SGQ\views\StatusDocumentoEdit.php
D:\SGQ\views\StatusDocumentoList.php
D:\SGQ\views\StatusDocumentoSearch.php
D:\SGQ\views\StatusDocumentoView.php
D:\SGQ\views\TipoAdd.php
D:\SGQ\views\TipoDelete.php
D:\SGQ\views\TipoEdit.php
D:\SGQ\views\TipoList.php
D:\SGQ\views\TipoRiscoOportunidadeAdd.php
D:\SGQ\views\TipoRiscoOportunidadeDelete.php
D:\SGQ\views\TipoRiscoOportunidadeEdit.php
D:\SGQ\views\TipoRiscoOportunidadeList.php
D:\SGQ\views\TipoRiscoOportunidadeSearch.php
D:\SGQ\views\TipoRiscoOportunidadeView.php
D:\SGQ\views\TipoView.php
D:\SGQ\views\UnidadeMedidaAdd.php
D:\SGQ\views\UnidadeMedidaDelete.php
D:\SGQ\views\UnidadeMedidaEdit.php
D:\SGQ\views\UnidadeMedidaList.php
D:\SGQ\views\UnidadeMedidaView.php
D:\SGQ\views\UserLevelPermissionsAdd.php
D:\SGQ\views\UserLevelPermissionsDelete.php
D:\SGQ\views\UserLevelPermissionsEdit.php
D:\SGQ\views\UserLevelPermissionsList.php
D:\SGQ\views\UserLevelPermissionsSearch.php
D:\SGQ\views\UserLevelPermissionsView.php
D:\SGQ\views\UserLevelsAdd.php
D:\SGQ\views\UserLevelsDelete.php
D:\SGQ\views\UserLevelsEdit.php
D:\SGQ\views\UserLevelsList.php
D:\SGQ\views\UserLevelsSearch.php
D:\SGQ\views\UserLevelsView.php
D:\SGQ\views\Userpriv.php
D:\SGQ\views\UsuarioAdd.php
D:\SGQ\views\UsuarioDelete.php
D:\SGQ\views\UsuarioEdit.php
D:\SGQ\views\UsuarioList.php
D:\SGQ\views\UsuarioSearch.php
D:\SGQ\views\UsuarioView.php
D:\SGQ\views\ViewPlanoAuditoriaList.php
D:\SGQ\views\ViewProcessoIndicadorList.php
D:\SGQ\views\ViewRelatoriaAuditoriaList.php
D:\SGQ\views\email.php
D:\SGQ\views\layout.php
D:\SGQ\views\menu.php
D:\SGQ\views\swagger.php
D:\SGQ\web.config